{"total": {"lines":{"total":48,"covered":48,"skipped":0,"pct":100},"statements":{"total":48,"covered":48,"skipped":0,"pct":100},"functions":{"total":3,"covered":3,"skipped":0,"pct":100},"branches":{"total":20,"covered":17,"skipped":0,"pct":85},"branchesTrue":{"total":0,"covered":0,"skipped":0,"pct":100}}
,"/Users/charlesdusek/Code/cantonctl/src/commands/ans/create.ts": {"lines":{"total":17,"covered":17,"skipped":0,"pct":100},"functions":{"total":1,"covered":1,"skipped":0,"pct":100},"statements":{"total":17,"covered":17,"skipped":0,"pct":100},"branches":{"total":8,"covered":5,"skipped":0,"pct":62.5}}
,"/Users/charlesdusek/Code/cantonctl/src/lib/cleaner.ts": {"lines":{"total":31,"covered":31,"skipped":0,"pct":100},"functions":{"total":2,"covered":2,"skipped":0,"pct":100},"statements":{"total":31,"covered":31,"skipped":0,"pct":100},"branches":{"total":12,"covered":12,"skipped":0,"pct":100}}
}
