TN:
SF:src/commands/ans/create.ts
FN:41,(anonymous_0)
FNF:1
FNH:1
FNDA:4,(anonymous_0)
DA:6,1
DA:8,1
DA:13,1
DA:42,4
DA:43,4
DA:45,4
DA:46,4
DA:50,4
DA:59,3
DA:60,1
DA:61,1
DA:64,2
DA:65,2
DA:66,2
DA:67,2
DA:68,1
DA:71,1
LF:17
LH:17
BRDA:59,0,0,1
BRDA:59,0,1,2
BRDA:64,1,0,2
BRDA:64,1,1,0
BRDA:65,2,0,2
BRDA:65,2,1,0
BRDA:66,3,0,2
BRDA:66,3,1,0
BRF:8
BRH:5
end_of_record
TN:
SF:src/lib/cleaner.ts
FN:66,createCleaner
FN:70,(anonymous_1)
FNF:2
FNH:2
FNDA:10,createCleaner
FNDA:10,(anonymous_1)
DA:60,1
DA:61,1
DA:67,10
DA:69,10
DA:71,10
DA:72,10
DA:73,10
DA:74,10
DA:77,10
DA:78,10
DA:79,31
DA:80,31
DA:81,31
DA:82,17
DA:83,16
DA:85,1
DA:88,14
DA:92,10
DA:93,2
DA:94,2
DA:98,8
DA:99,2
DA:100,2
DA:101,1
DA:102,1
DA:107,7
DA:108,14
DA:109,14
DA:110,14
DA:111,14
DA:114,7
LF:31
LH:31
BRDA:72,0,0,1
BRDA:72,0,1,9
BRDA:82,1,0,16
BRDA:82,1,1,1
BRDA:92,2,0,2
BRDA:92,2,1,8
BRDA:98,3,0,2
BRDA:98,3,1,6
BRDA:98,4,0,8
BRDA:98,4,1,2
BRDA:100,5,0,1
BRDA:100,5,1,1
BRF:12
BRH:12
end_of_record
