TN:
SF:src/lib/cleaner.ts
FN:66,createCleaner
FN:70,(anonymous_1)
FNF:2
FNH:2
FNDA:10,createCleaner
FNDA:10,(anonymous_1)
DA:60,1
DA:61,1
DA:67,10
DA:69,10
DA:71,10
DA:72,10
DA:73,10
DA:74,10
DA:77,10
DA:78,10
DA:79,31
DA:80,31
DA:81,31
DA:82,17
DA:83,16
DA:85,1
DA:88,14
DA:92,10
DA:93,2
DA:94,2
DA:98,8
DA:99,2
DA:100,2
DA:101,1
DA:102,1
DA:107,7
DA:108,14
DA:109,14
DA:110,14
DA:111,14
DA:114,7
LF:31
LH:31
BRDA:72,0,0,1
BRDA:72,0,1,9
BRDA:82,1,0,16
BRDA:82,1,1,1
BRDA:92,2,0,2
BRDA:92,2,1,8
BRDA:98,3,0,2
BRDA:98,3,1,6
BRDA:98,4,0,8
BRDA:98,4,1,2
BRDA:100,5,0,1
BRDA:100,5,1,1
BRF:12
BRH:12
end_of_record
